,number,value,params_k_1_init,params_k_2_init,params_kt_1_init,params_kt_2_init,state
0,0,1097816983418895.0,7919582.120607623,427391.4267095813,8902266.551655749,9643893.946169259,COMPLETE
1,1,4221410616044.4985,7055328.758927221,9906250.436888782,1278355.7730093976,8521399.074275993,COMPLETE
2,2,2745755102472.892,7593012.3077515,1483961.4409471403,221188.20271168626,9823592.697775496,COMPLETE
3,3,3804688666065.5347,8396949.464602914,9223448.648885358,8177168.450623165,7678769.009432308,COMPLETE
4,4,16971007843934.215,4869271.352640217,1071389.1600333636,24880.91432702122,7700397.452995042,COMPLETE
5,5,421320410318889.9,9282762.724418769,3420017.965956956,7953387.748503975,1606021.5638854469,COMPLETE
6,6,6210841393772.02,679070.9022235709,6939150.216139182,6759903.461663694,2213287.5551287835,COMPLETE
7,7,4752595037987.193,2720130.8114263513,6239233.928029255,5210878.4513821695,2769702.8774687536,COMPLETE
8,8,39966081524632.49,5043844.76802998,5179855.766030925,7249293.541973824,4242811.998911801,COMPLETE
9,9,306328006164729.4,3374613.063006545,4421143.360423114,8560854.191243194,5082816.526234702,COMPLETE
10,10,,5044297.631968892,736228.0585756631,333268.07359349675,3610034.324409769,RUNNING
11,11,10402923885193.217,645701.4289420448,9705285.86361522,9143776.548559587,5528835.747651413,COMPLETE
12,12,5572031396418.747,6847794.34448304,9055711.389113186,5970012.146772342,5749142.568893006,COMPLETE
13,13,,6595547.038074563,2682479.484244078,3075966.6170569463,5967590.4355829805,RUNNING
14,14,17825700432065.293,9902556.750609878,2504405.8099808255,3010170.764925098,7301983.721117996,COMPLETE
15,15,,7356467.647486872,7975629.988401148,3911587.894055502,9737951.654359056,RUNNING
16,16,,8070953.499097367,7866073.783193785,3880530.3491936764,9776369.755393023,RUNNING
17,17,,8342059.708189078,7810457.036667282,3765330.844304085,9901132.429595405,RUNNING
18,18,,8329087.355583125,8032854.772404382,3589887.1925387513,9501672.281803321,RUNNING
19,19,,8406060.153098745,7719259.965329239,3591564.28713526,9415301.966313068,RUNNING
20,20,448497807526884.6,8166195.07703906,7268829.083909389,3723040.7334338473,9128219.22987603,COMPLETE
21,21,4817299218129.365,8416267.281226575,7676524.124331996,3881501.1031380286,9956466.589643674,COMPLETE
22,22,32859086510890.35,8223949.78549949,7186754.346559009,3311545.233151761,9914277.514862783,COMPLETE
23,23,10495783729696.576,8133247.708435872,7365526.584541509,3466966.095970697,9780294.892042944,COMPLETE
24,24,6716182128306.089,6048908.169344758,2087343.700509382,3719888.455458804,7254299.262564778,COMPLETE
25,25,3792591090947.445,5917529.236516487,1850388.8523305985,1946723.7599885985,6833720.175397599,COMPLETE
26,26,7968045218273.682,5800230.79570552,2188256.964009175,1342827.7366527885,232524.80219969433,COMPLETE
27,27,8380469170080.065,5502724.016107637,1875576.261993024,1634211.54803719,7005976.971834876,COMPLETE
28,28,8542637043371.541,5683965.566514058,1935435.3699068052,1493693.647460695,6673730.479267003,COMPLETE
29,29,8285591069384.109,5261283.678235946,1385183.4284856482,1679849.0317315978,6382735.460655833,COMPLETE
30,30,6036927012852.457,4376791.078692626,51161.742229574826,52819.30598877836,3634398.5597784016,COMPLETE
31,31,561750299981469.7,6750607.300987838,3563409.9219320645,9946135.160264485,8208034.613044265,COMPLETE
32,32,12362895754568.623,4063541.5517011387,240018.94002230559,232810.4501964957,8606619.245550625,COMPLETE
33,33,4441739280479.023,3988669.057841005,3120946.0397476954,165554.2514273873,176795.84229864273,COMPLETE
34,34,5549451713059.692,9257494.660759743,5242269.416425833,2492847.012053817,458259.5378744099,COMPLETE
35,35,4409968935898.834,9035439.428137511,3085626.885879254,2437850.307310298,7925662.528987648,COMPLETE
36,36,6730271306670.749,7518617.446155572,3050814.2731226897,4520236.112384909,8000564.4164375495,COMPLETE
37,37,4115839369238.8906,7288829.821474324,3596233.4366812026,4649462.506118184,6052985.669488582,COMPLETE
38,38,3808659595479.9785,7132663.288746372,4133303.9776888536,4878001.496664654,8876662.50025163,COMPLETE
39,39,4671604690785.977,6353499.4371573115,4205585.417390502,666551.9795594807,9051652.267643806,COMPLETE
40,40,3038768472134.105,6261324.353232659,853142.8594032392,822058.9855891736,9124612.934795769,COMPLETE
41,41,4048701342534.5093,6444505.70936067,965290.9490328464,5538016.213738648,6156849.20612213,COMPLETE
42,42,368944072948223.25,6358136.410918146,1062367.8637590604,5837174.2703701155,8866129.338512521,COMPLETE
43,43,4321646559062.1885,7259572.278779194,4359643.833605659,667515.1364289979,9183492.211371338,COMPLETE
44,44,5693821470572.96,7527619.386823548,5885239.214041875,790881.44223538,7521202.683085662,COMPLETE
45,45,46055444759359.15,7609204.469941687,5928491.537228454,7157471.735606739,9337337.974304518,COMPLETE
46,46,6808374246547.413,2033080.9799946216,773041.9173050039,841702.3520068441,9484027.60494031,COMPLETE
47,47,11001290148893.71,9892830.57136099,805245.5816415546,759768.4108243454,8338941.419319329,COMPLETE
48,48,4330828635743.184,4682927.663493093,1337311.9469028425,2175098.7267486174,7496107.887298571,COMPLETE
49,49,6835136215437.412,8680255.317396726,8306527.221147019,2503020.075667825,7547336.751377641,COMPLETE
50,50,,8843889.488913506,8414600.587068042,2055519.6168592088,7492360.2511270065,RUNNING
51,51,761151279571335.9,7657183.352230919,1481576.6059503034,6523087.780060098,8622910.324085513,COMPLETE
52,52,,4824406.560631607,1458538.4872499786,6452510.480185767,8735773.846789736,RUNNING
53,53,,6652629.133226184,2432895.897639356,8779630.887543233,8511895.348483786,RUNNING
54,54,,6982881.332124886,480858.613421062,7948528.836889037,6852263.45716678,RUNNING
55,55,2902887941857.5366,6671645.438050608,2536374.735391456,7686899.107206645,6822616.372417753,COMPLETE
56,56,3566343634873.7935,6949185.2981823785,2541564.2557436884,7997321.177084395,6853714.959229421,COMPLETE
57,57,6474954318929.162,6909708.038900331,6522985.288258767,7948047.989813805,4771787.541103765,COMPLETE
58,58,2749822191723.686,6857330.918124112,2480873.671629959,8305854.140744932,4760910.189896907,COMPLETE
59,59,5327296243707.325,8623465.33869124,2671085.4424168793,1896644.5551823392,6849294.981718107,COMPLETE
60,60,3550698846401.8213,8553988.510009134,2503606.8555858103,7980151.944124844,6920049.772421628,COMPLETE
61,61,3204209203247.1934,6079337.135022266,2621923.26221337,8727360.946707867,5426637.755280735,COMPLETE
62,62,2652957337213.821,6042185.560012838,479527.9059990816,9289315.287787221,5506204.702918532,COMPLETE
63,63,3844370604967.3755,7904820.035775626,2608390.301566735,8864105.659945814,3385299.3280574316,COMPLETE
64,64,2736674910781.094,6520664.59081489,2360238.924732327,7715489.0929100625,5103024.445746802,COMPLETE
65,65,2635140286802.786,6495612.059701117,500715.99782093917,8349630.658605842,5222198.905984534,COMPLETE
66,66,2874956422561.878,6193360.096902116,648343.5075203648,9655423.211873777,5234528.158124876,COMPLETE
67,67,2710964872707.663,5298308.880867284,499450.1077785509,9752301.522160923,4932138.572858627,COMPLETE
68,68,2717277089533.901,5211093.952548493,517177.5139316885,9495738.027305443,4406338.066406683,COMPLETE
69,69,2871159077486.7427,5254885.750361701,354369.02257407596,9474893.717612743,4507420.1245669685,COMPLETE
70,70,2681720153975.998,5355395.694970228,550968.7848708343,9434837.503198957,4536852.22114829,COMPLETE
71,71,2715149360784.324,5294942.898907162,499461.6242655814,9264735.692926541,4534201.310345336,COMPLETE
72,72,2715801278695.245,5198109.411886856,457344.47203948745,9245034.026075497,4252904.587073819,COMPLETE
73,73,8286006100269.924,4673502.715531872,35326.37510406226,9443362.726628972,3909482.7649861285,COMPLETE
74,74,20138132439396.03,4870244.28666964,79842.80144043168,9343090.64952855,4097470.2942325342,COMPLETE
75,75,2685710642864.3364,5540696.332939406,493946.78913685284,9129712.531371322,2904482.137273703,COMPLETE
76,76,7270626987865.705,5331633.587166532,1572577.0495164634,9925562.22306624,5717011.19638916,COMPLETE
77,77,2741784542298.888,5561638.748817668,460728.56265446544,9947446.471081715,2948927.3711552466,COMPLETE
78,78,2697134260629.8555,5574045.757303801,503150.8716902495,9831258.81181127,2716436.76408143,COMPLETE
79,79,7892895159363.974,3681266.9113960853,534391.7176067606,9041125.831288485,2810957.4789639153,COMPLETE
80,80,3344451149534.748,3780163.8153259344,1232552.107438744,9072732.966002923,2360438.0502027133,COMPLETE
81,81,3696927574504.6055,4363294.103144459,1280199.3278457464,8379336.504885374,2168309.6019609245,COMPLETE
82,82,3265403389011.487,4352082.727898261,1158599.5933698,8450907.691039022,1884644.3375679064,COMPLETE
83,83,8418624231443.527,5791677.417838777,1680472.7842726437,8591055.534846546,1671315.9961891375,COMPLETE
84,84,5366561314834.949,5120321.213075591,335711.1909142315,9649132.42413016,3276710.2916175174,COMPLETE
85,85,2671377580902.5127,5118025.473370079,548956.9135072012,9662021.853503492,3334661.0039257947,COMPLETE
86,86,2981516983283.0356,5218451.789626708,389438.2259456313,9630597.918867134,3357599.6147290748,COMPLETE
87,87,3766897536299.039,5574445.828546921,292732.9835254849,9216757.578605626,3202834.9600300603,COMPLETE
88,88,3122048488537.9097,5526475.207216927,837953.330259156,9207227.247215293,3852499.8885735306,COMPLETE
89,89,3052197811385.835,5600501.238315455,928210.6506055545,9191139.603446323,3873681.7179614953,COMPLETE
90,90,3612038157968.6533,5891285.5892814025,974277.2938032314,8813494.65340624,3836211.4647719115,COMPLETE
91,91,3849146832051.444,5922432.420941862,947244.8806517161,8840462.996181643,3694598.0109048393,COMPLETE
92,92,4303464887221.505,5946614.4207348,1018302.7084867519,8773221.816979744,5787402.7057181075,COMPLETE
93,93,4874800369284.91,148330.9510454815,1739902.1422966027,9928792.550763562,4808261.742638859,COMPLETE
94,94,7535327864648.364,4711766.812337539,1989154.2395644365,9796826.233422799,1250270.4812687596,COMPLETE
95,95,2961295554372.301,4623980.888833354,573965.3665125946,9988656.503651362,4928622.795043183,COMPLETE
96,96,8475868449581.535,4993612.064757845,27330.205211425084,9731221.76063115,4903090.589705286,COMPLETE
97,97,2687083724541.7637,4918753.957561538,708507.4373420292,8601592.754483573,4399256.026595774,COMPLETE
98,98,5143454089108.856,4996100.1345934905,5978.537170310388,9028665.465179896,2515116.915820328,COMPLETE
99,99,5441786811170.826,5005910.2921932265,7562.210327845358,9346183.127277836,4144654.124313945,COMPLETE
100,100,13060111356050.396,4094829.0890405746,215656.02419140883,9384993.393350134,4497918.747971863,COMPLETE
101,101,2952282800648.4976,6644764.920919301,655347.8103893606,9496470.250543475,4514353.755882299,COMPLETE
102,102,7142192092370.444,3063226.0795578654,688343.9126280328,7468352.898679468,5244582.676640158,COMPLETE
103,103,2538170219928.5723,3000760.64187064,748493.6709626162,8232088.066182841,4496124.23671504,COMPLETE
104,104,4071159597143.2505,4104265.8403787483,1463993.1291983742,8214402.111987909,4473266.546013401,COMPLETE
105,105,4227684799370.8623,4153737.9710220424,1449654.8794710205,8584963.308298767,3032849.2888649586,COMPLETE
106,106,4009329067390.4385,5356045.92926566,1262885.5958356843,8196053.455518179,5467849.139922099,COMPLETE
107,107,4099619291812.802,5363170.087459957,1216985.8727078496,8598891.941429794,4243726.957018758,COMPLETE
108,108,2373758887170.374,1757995.8990676717,1119208.6739852973,8597341.14866134,5483069.881436057,COMPLETE
109,109,7353060372117.033,2079418.1206661544,678548.5294854804,8559722.049973689,5985742.4984194655,COMPLETE
110,110,6548597606635.949,2599454.676903084,731638.0781011381,8597775.142499877,3524282.2807910237,COMPLETE
111,111,3020775695656.5376,6226782.184521693,729942.468845407,8939138.88732908,2636570.778598257,COMPLETE
112,112,10415442520506.443,2032452.91509428,745234.2092046738,6845904.879649315,6439718.518020587,COMPLETE
113,113,4645874864019.11,1343985.9299996947,206496.7019065721,7311239.723775582,6365571.908953609,COMPLETE
114,114,6033637618537.76,1881725.0871056397,4749373.374405837,7857673.931825847,5885024.964817578,COMPLETE
115,115,3372024189898.833,3017615.703090281,213638.5149876693,7654787.081958073,5187684.659108745,COMPLETE
116,116,2312413962615.633,2425320.558350248,1096750.4197504725,9661886.377300806,3564438.3331662007,COMPLETE
117,117,5727063827709.814,1299851.3953189333,1049553.6496412253,9631464.906445105,5272917.385864887,COMPLETE
118,118,6295203311499.709,984148.1764504851,1069983.9091358015,9615574.987570103,5546011.9594562305,COMPLETE
119,119,2795209697927.7363,5766872.92144649,394643.8279530731,9071675.255305344,5572882.322673319,COMPLETE
120,120,3360462267085.5835,3309700.9710151907,288232.1364820657,9023350.084132599,4697766.08307021,COMPLETE
121,121,2648884917583.8286,6062073.448399169,463226.62410059734,8123600.988876012,4719765.084290377,COMPLETE
122,122,7050416973673.043,6087474.42133517,1707855.2657381422,8986815.218817014,4655177.4321240075,COMPLETE
123,123,4682329298197.087,2393563.7450271314,513940.48940255254,8365187.825611148,4988937.479923274,COMPLETE
124,124,2799738997449.249,6257814.519351937,278306.4012282072,8365077.85904004,5043708.437217755,COMPLETE
125,125,2813114828106.004,6397819.3153775325,310718.75565062166,9811425.277661057,4672423.947931686,COMPLETE
126,126,2723723858946.715,6353174.214587869,533641.6846319947,8010017.104753442,4092758.735078423,COMPLETE
127,127,2836861898324.6255,4530977.353566781,890585.0751589169,9312108.533062639,4113729.6250626254,COMPLETE
128,128,3011018538656.153,5727937.036119906,873090.7897484789,9300209.760325471,5019653.324191284,COMPLETE
129,129,3913197617996.3413,1685304.1585891403,2212610.35986549,8128630.615629324,2957286.078982839,COMPLETE
130,130,2375209823908.047,1823375.5877013044,1278380.8183254446,8735375.104619198,3089185.404014865,COMPLETE
131,131,,1637545.2614412312,2114442.553560709,8791098.784130104,3078482.0553616276,RUNNING
132,132,2339646116821.152,1691037.347771122,1362633.0600357237,8710191.17321289,3071428.2042455957,COMPLETE
133,133,2377226841533.4917,1644233.681239407,1341132.9419152979,8140600.042104155,2969889.9001291506,COMPLETE
134,134,2433292020643.2095,2316825.466030041,1477947.3877314436,8679185.534971116,3580758.6557909544,COMPLETE
135,135,2289739757440.647,2383979.5845601535,1308537.0328143784,8731315.065978725,3132778.097196185,COMPLETE
136,136,2520442684446.436,2377062.336351054,1544071.3877948087,8749661.57944524,3607738.6932624397,COMPLETE
137,137,3119692118688.5728,2360017.681896391,1923123.6710333596,7759191.6478923615,3583759.392747286,COMPLETE
138,138,2516376485137.518,2357206.850383126,1591992.0511890694,7790302.627079556,3166494.62674488,COMPLETE
139,139,4321971118178.319,2401964.121382574,2055941.8584034604,7826340.05448999,3124353.7958550104,COMPLETE
140,140,3019801199179.314,2351379.2283956627,1890624.3513948398,7831388.1955429055,3613502.1559704277,COMPLETE
141,141,2676829763015.622,1552433.5733336874,1592829.4783237209,8169955.437885349,3139633.323154351,COMPLETE
142,142,3260707487290.836,2849921.458502751,1578134.4539836058,8129665.076984667,2109621.3965082355,COMPLETE
143,143,2318855940932.184,2846562.4846551325,1409155.7675213553,7547094.106386775,2281268.569712195,COMPLETE
144,144,2618260061656.6885,2894642.6984216333,1289411.6325625274,7579319.559639285,2173233.726749138,COMPLETE
145,145,2766183524651.808,2752463.1690660804,1347526.4449014026,8756483.679635342,2566355.929962952,COMPLETE
146,146,2666541087608.1807,2586335.05239225,1394013.2399118776,7596890.987912378,2419316.8942055274,COMPLETE
147,147,4152201543453.8374,1732531.6691726986,2232413.0325400624,7565233.303149365,2345185.5017276425,COMPLETE
148,148,2341810849083.3916,1753519.2991617315,1229183.5341185224,7423440.567450184,3434677.2920239805,COMPLETE
149,149,2432007387048.13,2147676.769482326,1790331.6668722522,7050825.249360662,3397150.828766338,COMPLETE
150,150,2720305744598.6943,2113056.8308735183,1764678.0962663302,7133091.537232846,2019263.1037372043,COMPLETE
151,151,2763202205665.7417,2153522.4448119607,1771897.4491209893,6490095.072213097,1200816.11363889,COMPLETE
152,152,2637038195096.75,2170008.610258937,1778343.8295531245,6992960.005567384,2762699.3470649016,COMPLETE
153,153,2835574725820.6846,1464160.4342844635,1181324.3458439219,6512229.023892923,2761072.828839427,COMPLETE
154,154,3049922381002.1504,1518437.3302869294,1220179.3698988052,6818334.867705085,3435790.669770895,COMPLETE
155,155,1848883601273.6875,966318.6193702405,1430723.509064018,7375093.478517438,3426661.8448312124,COMPLETE
156,156,2305262262785.403,1934930.3230289363,1542994.6980325135,7428680.579750592,3313982.8308113483,COMPLETE
157,157,2471924703437.114,1036688.0592689868,1469614.5983619113,7360028.243331505,3241582.3271256965,COMPLETE
158,158,3018620781033.7354,1838945.4292917792,2079098.9512433782,7033683.711310448,3767876.2943346486,COMPLETE
159,159,4568248182873.2295,544988.217569435,2819128.4111287836,6992117.6405027835,3277476.3449870762,COMPLETE
160,160,2464363505360.984,1120169.0320905922,1501598.9290602775,7347948.192555097,3212425.8914420283,COMPLETE
161,161,2848155972655.445,1115518.1220948051,1544102.882973197,7350531.049862712,3053165.479963903,COMPLETE
162,162,2722735210293.352,1161042.194258851,1513449.5953742114,7344441.58473382,3069756.6565387594,COMPLETE
163,163,2741248163129.7637,1064573.9273519139,1476549.8507003128,7226166.806172507,3000168.66392818,COMPLETE
164,164,2303593043396.007,913713.5996056395,1432692.9120964631,7371569.156153539,3335385.7357591963,COMPLETE
165,165,1775088044293.6162,668936.7045970061,1600386.7817227,6158491.972033975,3416549.6432712027,COMPLETE
166,166,5839546805142.918,787691.6504246868,1108098.8089913612,7390282.346519652,3277422.8787354142,COMPLETE
167,167,2391187226174.755,857800.3643249708,1868700.5777235837,6623653.584878561,3466972.282926876,COMPLETE
168,168,1816387848102.871,523568.54581685923,1917305.3654040808,7512243.262866932,3434321.693053632,COMPLETE
169,169,1886620655823.4978,585299.5104041724,1910506.5293086823,6671520.427529231,3460770.3563249395,COMPLETE
170,170,2008862592684.2622,415840.3580925101,1968805.5844870957,6056936.085606229,3482547.4705403736,COMPLETE
171,171,5423324635922.737,158716.16112090845,1970042.3407600955,6391534.852103961,3453032.5366628766,COMPLETE
172,172,3878632828227.293,385289.41666745814,2375458.117599991,6092530.834538109,3972305.118024096,COMPLETE
173,173,2831623993058.327,809045.7342913599,1974457.8568555394,6835523.345061653,3446358.8573596743,COMPLETE
174,174,6942738494643.654,208740.62682527822,2008198.872246198,6326839.9358535595,3741154.780987459,COMPLETE
175,175,,738613.9685407081,2305510.480179892,6728403.745482519,3442832.622165634,RUNNING
176,176,,416222.962577385,1772745.4807103488,5396584.8042057175,3711909.893486445,RUNNING
177,177,,493312.89444024477,2187329.5483095236,5850490.61243479,3404717.2195559307,RUNNING
178,178,,559236.0849378959,1760317.425638507,6133183.1007574415,2830734.8540189723,RUNNING
179,179,,581125.0442797106,2269569.550983588,5544336.6604102915,2789299.2424677787,RUNNING
180,180,,522246.0628157175,2185052.621101424,6586562.223318493,2862859.6602436216,RUNNING
181,181,,666285.1602892013,2260228.938508504,5171921.331127274,2861571.935189061,RUNNING
182,182,,446322.4873844157,2256673.6081182715,6700633.501149643,2772124.97152675,RUNNING
183,183,2159820738226.9033,677016.5702423118,1785441.461794504,5793971.059216217,2853432.80001872,COMPLETE
184,184,2200803612367.336,540660.9706299547,2226173.531117658,5472177.913482967,2712700.6041786354,COMPLETE
185,185,2256202718502.4487,647660.2687532507,2163728.689940154,6654124.708824014,2825249.06490204,COMPLETE
186,186,3484548386479.0938,265240.4107318585,2163946.8629651642,5900353.012885687,2858355.510531417,COMPLETE
187,187,,589604.3234472084,2809393.8641656167,5526577.99553952,2857208.114027785,RUNNING
188,188,,548055.3139556124,2202075.124369694,5456898.9806481525,2669244.8135467255,RUNNING
189,189,,599957.8747125922,2384381.0647189543,5248250.204879526,2529489.0663757897,RUNNING
190,190,5631869387446.051,647642.2445489117,2818165.2731211786,5596256.961719721,2548326.232030604,COMPLETE
191,191,4493757961864.547,556098.9573686158,2740509.3755752924,6172343.734630727,2568009.6003614888,COMPLETE
192,192,3662567542082.0835,510352.54428239877,2831434.3438499635,5562239.054840626,2663661.801198125,COMPLETE
193,193,3317538667260.427,470196.74722658144,2351627.2236412447,5484793.662603506,2695740.7810156164,COMPLETE
194,194,2124541288338.2354,564658.0691344443,2295056.60628636,5214341.849626174,2854638.514477038,COMPLETE
195,195,6721807137710.543,12909.005169560667,1133125.7767194312,6211408.77913635,2815403.046975891,COMPLETE
196,196,10199971701651.129,715721.867963119,9672472.131567113,6096082.76089617,1802459.498619433,COMPLETE
197,197,3201240783503.043,1333582.5394069203,1120025.4329791435,5986799.619373092,2833502.2403924554,COMPLETE
198,198,4301060367423.0625,1346982.3077402874,1130153.3202725116,5844574.262416647,2904427.580574192,COMPLETE
199,199,2993116230033.0127,1267973.8516047653,3358175.3077869127,5259998.944188693,2929422.719272621,COMPLETE
200,200,3158370959099.045,1300316.7049529515,3376222.1279824935,5013289.997996334,2939022.5570746213,COMPLETE
201,201,3319074357940.9966,884615.0390523113,3805493.6691317847,5043530.456519288,3714501.431746565,COMPLETE
202,202,1728326930112.6443,347694.02682374587,1767949.058703459,5287593.962273824,2327329.146594176,COMPLETE
203,203,2986023408096.3823,282839.60494872055,2184736.021800905,4562391.811949627,2346416.832987629,COMPLETE
204,204,2518199281882.9087,330892.0724099856,2279366.668565347,6622980.799735262,2358126.403028206,COMPLETE
