,number,value,params_k_1_init,params_k_2_init,params_kt_1_init,params_kt_2_init,state
205,205,7165011216179.293,1808.2840493916883,1714034.9223749407,5420732.979365023,3963467.6423103656,COMPLETE
206,206,3071285046457.6963,371478.52227800095,2421768.5196750714,4111667.652338476,1563630.5321818143,COMPLETE
207,207,1908226840195.2908,662867.1430576467,1721588.8959177341,5400599.537585673,3170497.2469754694,COMPLETE
208,208,2292809420704.8794,1911895.1592476398,1701923.5939562044,4759022.180021011,3124461.632588569,COMPLETE
209,209,2013412425801.6848,733813.9418924045,1318335.2085904207,5770088.260660909,3152797.11905327,COMPLETE
210,210,2040653292434.7903,681908.4729412895,1720365.2432713767,4818147.87952374,3278950.7709609335,COMPLETE
211,211,1716649466478.7957,626127.6862655124,1783731.1452999145,5783962.665321198,3332425.0906522777,COMPLETE
212,212,1975633512701.5378,720824.9167689249,1750986.1628451382,5689559.55772109,3313908.374406079,COMPLETE
213,213,2016824979008.93,656539.8093796016,1716475.1931607071,5334470.647319163,3244460.5631542653,COMPLETE
214,214,1796920640641.8018,736785.9439929652,1838098.0202343792,4751981.551762194,3663825.4131739223,COMPLETE
215,215,2796884368012.0146,670079.9625595306,2073581.2515291444,4785866.940278109,3264218.931309239,COMPLETE
216,216,2419420348092.8584,709149.2564205691,2096641.064584292,5686881.77406417,3278532.1002595513,COMPLETE
217,217,1870941981701.589,657034.0387436507,1870851.709203408,4759905.667828717,3144958.7480522287,COMPLETE
218,218,1890545403968.652,693685.7378086976,1861152.8920808807,4289746.464155547,3255119.209338202,COMPLETE
219,219,1866721228749.189,633477.3254317581,1858983.9028495478,4860887.255210886,3234839.747861951,COMPLETE
220,220,1921157515986.903,594131.6804483,1834696.3620683511,4764383.972713359,3712114.916370726,COMPLETE
221,221,2109917327147.8699,553183.187425942,1813600.2844305355,5267247.367795299,3719112.5408524415,COMPLETE
222,222,,520255.4694905104,1867654.1391586761,4365587.933976733,3717844.9593755007,RUNNING
223,223,1808226468850.5986,514206.8819632258,1872559.1418954157,5258535.3564528525,3715956.360242634,COMPLETE
224,224,1651516657984.022,501834.77552156366,1884400.8348995051,5290001.970327078,3796997.5187070933,COMPLETE
225,225,1754071896465.7014,421819.3592246691,1862810.9384604776,4339477.76737141,3730030.654653074,COMPLETE
226,226,1752489565031.1477,422539.5834963771,1897216.339310915,4297598.930117873,3739704.957102714,COMPLETE
227,227,1784702986337.9067,394886.1316311749,1861872.9425668684,4180355.277499259,3836787.59584813,COMPLETE
228,228,1857212861650.089,922654.9241421418,1779689.174070095,4273140.762709496,3910677.2428089892,COMPLETE
229,229,1857701936337.2256,378889.81420844095,1903961.4608730283,4247757.742816383,3933907.25474949,COMPLETE
230,230,2092043658171.518,927284.275762148,1929901.5952031906,4056545.281818428,3752021.4088568594,COMPLETE
231,231,2337638209965.281,336570.8213461697,1903006.0364206035,4181701.8302036826,3869428.467075622,COMPLETE
232,232,3231429729679.225,928534.3733498883,1944894.3555148467,4236646.279464146,4007770.2500848756,COMPLETE
233,233,6843846577821.619,146418.12549541658,1995560.8123824762,4388272.436118215,4022186.176253752,COMPLETE
234,234,1824751482495.825,390898.35552216164,1997807.9342199785,4430580.358032746,4072568.5501727075,COMPLETE
235,235,1935034726057.4348,410676.39648667263,1899630.465732961,3554056.796541296,4211433.229964884,COMPLETE
236,236,11694363515152.127,169753.49496644482,2506674.3103251923,3709013.6658683177,4321050.48693792,COMPLETE
237,237,5498431982345.729,434552.72603022645,2442572.506122425,3795212.0492851394,4293826.738101447,COMPLETE
238,238,10983332585388.748,135979.25220524106,2523776.464872936,3695494.895963259,4282023.374651086,COMPLETE
239,239,1788118313780.2979,397083.96891858225,1648350.2441871504,3085809.2217862494,4252686.42008525,COMPLETE
240,240,1869257995494.1394,339647.87050658866,1670402.8951472263,4403711.292537192,3815167.7348605655,COMPLETE
241,241,1959225425234.3289,344363.09884253214,1672227.7667029914,4568784.073616422,3831423.7784511363,COMPLETE
242,242,1808972372791.9167,350091.4107539005,1682384.75256262,2829725.4628931237,3860487.154574479,COMPLETE
243,243,,314988.70829680644,1661830.990431894,4558045.810153972,3839179.469946675,RUNNING
244,244,,7629.8152071106015,2076200.047317197,3232925.446729088,3641217.584616284,RUNNING
245,245,,76586.78679851908,5428372.7528005345,3037396.1190163633,3979167.5735837575,RUNNING
246,246,4581012989661.951,222382.16425353184,2156008.7964788578,2832184.319722516,3953860.9543357575,COMPLETE
247,247,11086117153451.596,713.1319564908626,2155175.195710761,2826396.0728957066,3964153.2084743283,COMPLETE
248,248,5721232279207.215,54101.621766515425,2141535.3774821903,2920978.8503166214,3958135.811770285,COMPLETE
249,249,18614650893610.867,70760.20657002932,8097218.745773356,2744029.429046953,3985491.022151048,COMPLETE
250,250,1813596637597.1863,851145.1035751973,1642655.5823015806,3190119.2971980465,3569314.199764232,COMPLETE
251,251,1643515534899.4866,429217.5874511422,1669864.2749568617,4427563.1601846265,3659962.003956601,COMPLETE
252,252,1802150237998.253,368123.98642255145,1608826.3946341923,4377492.27646226,3634311.2864920385,COMPLETE
253,253,1655317364628.8147,473011.46048207005,1636520.1964347737,3214314.586095106,3637940.866941764,COMPLETE
254,254,2254607128162.468,907537.6079067015,1561024.794158488,4289608.549322125,3559148.3757459396,COMPLETE
255,255,2202113625610.187,903843.7397525713,1618385.4627195026,4293910.284069365,3627303.2787965555,COMPLETE
256,256,1886318611941.1777,348676.4550895137,1671792.268945342,3428323.087201393,3623498.9509653216,COMPLETE
257,257,1893820497865.6292,377050.6886226339,1553990.7079247816,3190469.9033698244,3577621.9439239446,COMPLETE
258,258,1651889046244.8672,445187.176566566,1593387.5585043803,3167378.474669582,3635134.493439127,COMPLETE
259,259,1690744500662.0308,387068.217742191,1598807.6495731743,3995451.21709373,3760114.238432873,COMPLETE
260,260,1742109462724.8474,440509.16566552623,1596628.2784320374,3151209.4450752772,3767321.9910864374,COMPLETE
261,261,1720465552944.8223,339439.6295459001,1669364.44649276,3134902.1538365795,3775931.7876837896,COMPLETE
262,262,1734125987493.1775,411679.1247655031,1608744.9985027567,4478835.239467424,3806490.2276243027,COMPLETE
263,263,1692001442233.8872,414076.5649714868,1609895.1105554963,3265461.7888564984,3843543.5419583167,COMPLETE
264,264,1907073435594.7905,456979.9865664572,1449492.912520806,3158398.551500304,4091477.3062166814,COMPLETE
265,265,1912597784126.0625,457823.18977748486,1446156.2637382902,3166804.847522783,4209863.425265501,COMPLETE
266,266,2915243458249.1055,256468.41697567943,1400533.0616615864,3144391.7388047427,4149641.9818351464,COMPLETE
267,267,2184382407060.4255,229851.7015291989,1522570.5262273096,2580753.2753014313,3734673.3092866833,COMPLETE
268,268,3942032594472.2197,223847.97782024404,1533535.3826715187,3071602.25904079,3746969.6103501203,COMPLETE
269,269,7848613518680.807,196429.13482849166,1597792.6703178152,2523337.6210005824,3692536.0794556425,COMPLETE
270,270,1927781812260.278,204557.50143516972,1616004.5265219938,3358811.6108761714,3739488.615602739,COMPLETE
271,271,2318209572119.6416,840806.5801997634,1663898.9434176646,3950372.721450111,3782559.228554972,COMPLETE
272,272,1635022398833.5798,504793.60315871594,1657901.4898003137,3385807.3699793126,3824704.3202897203,COMPLETE
273,273,7282829983075.385,475305.73207610624,5811903.384468307,3337702.5845351983,3563792.451638583,COMPLETE
274,274,1671533420435.7773,465270.1553326935,1687718.0504423373,3377914.0985490116,3568886.8648694335,COMPLETE
275,275,2521725867589.5176,519309.6136267022,2042084.9910750415,4550211.954536084,3861999.8725094013,COMPLETE
276,276,2010060419716.0535,478845.6261531766,1364428.749357645,3499080.948265779,3524309.5476465086,COMPLETE
277,277,2158621163270.1692,463035.48451923794,1284106.9687688295,3505598.2460760875,3530899.3352175504,COMPLETE
278,278,1974442231396.5706,492192.87203548884,1382327.9286336754,3933947.830811468,4129133.978209543,COMPLETE
279,279,1980365110307.8555,479473.7198298867,1378997.4973415418,3932415.0291166864,4120711.2330828123,COMPLETE
280,280,2258197689240.0527,816994.9006508822,1808570.1065799694,5109573.123802401,4136528.65203827,COMPLETE
281,281,7389391847939.046,2519.9638278058264,1751683.5390215977,3995171.125325675,3870587.053948808,COMPLETE
282,282,5098861309380.342,11246.418012290203,1776935.5144130068,2182365.8821786754,4122134.6837896667,COMPLETE
283,283,6470533811747.691,1540.3562422540272,1742045.2827588092,5081039.334882941,3832771.025287198,COMPLETE
284,284,3742136017985.742,262884.9663680098,2045949.4152356773,3048927.0069401683,3858265.445722346,COMPLETE
285,285,4054258197845.371,278107.77152102545,1975598.6520355246,3055226.897237617,3618206.094307643,COMPLETE
286,286,5937686115199.737,247901.22008129884,2042370.2964312288,2975091.719203428,3644956.899290064,COMPLETE
287,287,3054170849715.4346,321112.75208027,2065394.7322822348,3295361.8428594475,3833492.268477338,COMPLETE
288,288,1825762370330.21,734005.135528358,1643535.0875881098,3311925.991687877,3535336.2783573326,COMPLETE
289,289,1692384649453.8455,738216.5718574472,1611934.5143209917,3346206.9853504924,3507115.4099468202,COMPLETE
290,290,1822467014123.2305,648539.4413979284,1630994.1220360098,4505053.354968463,3461336.0816214955,COMPLETE
291,291,1741965856083.672,557163.9901877344,1557794.1001469414,2710495.5906484993,4330317.387094473,COMPLETE
292,292,2475947656369.138,1058377.5906608258,1616402.7068495832,4592975.904065035,3445953.26297978,COMPLETE
293,293,2065671726195.394,763903.2081576341,1599285.7872802205,2664080.583412753,872176.4630063279,COMPLETE
294,294,1948064163641.5535,776365.6693046673,1588225.7639889603,3717397.642071964,3469617.2962402287,COMPLETE
295,295,1857390646513.4346,806953.730802702,1567261.6597686387,2698940.6025496623,4287303.5534636555,COMPLETE
296,296,2294303227156.683,836063.0523699617,1287614.1911812308,2909932.051189449,4400242.947611429,COMPLETE
297,297,2263093318669.358,515806.10170586774,1245187.542327033,3697199.342267887,4372908.067718441,COMPLETE
298,298,2128124599596.9495,586798.1387703143,1312653.3632460383,2904159.747784533,4450018.2708479315,COMPLETE
299,299,2369199145218.151,1088540.858782921,1313752.0369973667,2744563.560501434,3747751.4772242024,COMPLETE
300,300,1970550565248.6675,569966.7950665456,1437980.3037602985,3513392.7189995395,3752193.6814567326,COMPLETE
301,301,3096038889661.066,1030399.7812322796,1835178.1945316368,2413890.921491964,3745174.593652431,COMPLETE
302,302,3034968355467.8423,1050129.691657245,1859371.570802684,3286189.830334819,4017837.8439541343,COMPLETE
303,303,1892694121139.9849,337969.8500532089,1867461.403582406,2251422.293551535,3973511.099653682,COMPLETE
304,304,4099411149920.832,325911.4652522129,2312287.9995687907,3290243.6697268467,3949756.7725436427,COMPLETE
305,305,3327963542336.8906,334562.44594852056,2256026.161916797,3259891.0389451454,4029614.764677263,COMPLETE
306,306,6995877164960.788,172852.92511940983,991005.0305848806,3155854.3430233644,3983983.7183793625,COMPLETE
307,307,3957699360875.4023,205112.2132907982,1736846.5904825046,3614073.7610999686,3618000.2159679458,COMPLETE
308,308,15414425148438.7,198864.14366877632,4944550.416494543,3026324.661381265,3620010.854871903,COMPLETE
309,309,1743772601869.825,484074.25912580924,1726258.7550263186,3588020.3607187844,3591583.3802959174,COMPLETE
310,310,1827657692631.2878,569240.8482292125,1712911.9216869113,3567844.2679552995,3661399.902840324,COMPLETE
311,311,6388011777163.599,595048.0345097985,5184411.50835724,3017383.716440379,3648415.669974212,COMPLETE
312,312,2788241186940.4287,9601904.912106186,1483548.7077419143,4053789.960485454,3617312.6230527395,COMPLETE
313,313,1895810179440.4182,463157.46032721194,1487027.8789931226,3822064.7527564564,3387935.5655611106,COMPLETE
314,314,1937695042729.415,449136.79964598623,1453949.069646212,3931986.408135016,3491299.508539949,COMPLETE
315,315,1979406028428.2263,456786.1697698491,1448802.3958180991,4081961.8527158736,3387434.0468984284,COMPLETE
316,316,2435120165295.4233,421224.23985025694,2061621.295188819,4904329.259107692,3396039.8161225324,COMPLETE
317,317,2810861748272.968,470533.8823121956,2058221.8158662852,4973215.616047959,3402970.2756948657,COMPLETE
318,318,2250541701866.0186,706493.1364153207,2078905.829606555,4638039.550209347,3872249.6680062637,COMPLETE
319,319,5215115620897.805,672133.2243375964,1098752.9109835417,4662218.799918997,3864263.418574006,COMPLETE
320,320,5800378268283.645,732860.652703253,6825319.622635521,4153090.7970370147,4215486.500532461,COMPLETE
321,321,2100869144785.099,713452.1020423367,1833744.8675400931,3433598.380059204,3810390.4683455518,COMPLETE
322,322,4234292169728.835,194004.38095550193,1839282.697504375,3448050.070677154,4169.597416821867,COMPLETE
323,323,4817572495882.935,158028.62249977043,1794194.8677990483,4466661.658084745,3811886.7403603555,COMPLETE
324,324,1959046549086.9172,333986.95347482414,1757559.4606986789,3498746.957685558,3851970.0647286926,COMPLETE
325,325,1770675290810.3435,387365.2273648735,1620457.2532557314,3394466.1135763684,4130699.4048265163,COMPLETE
326,326,1864206080673.986,373234.8292845038,1592117.7162085662,3800487.043172065,4227521.116050174,COMPLETE
327,327,4521940877723.351,566644.615939249,1179298.5917188337,2835927.833793238,4158617.2659188993,COMPLETE
328,328,1726393958918.109,582129.0694034869,1488186.1780122414,3868987.484785744,4255990.760091698,COMPLETE
329,329,1991097192878.7195,559371.4282836533,1257853.7955713158,4423471.987172048,4630533.639989289,COMPLETE
330,330,6376855296375.395,9694.576778560353,1434155.8328924286,4125322.341268084,4056185.2291599023,COMPLETE
331,331,2112523529476.8562,898038.4950209502,1473472.9220563972,4182170.991831757,4315378.117807069,COMPLETE
332,332,8403015761648.251,18373.083962742356,1400056.6173097494,4118193.0760347308,4565797.235427051,COMPLETE
333,333,2385756955458.041,919368.1516763933,1509245.9175262074,3714328.0553443753,4474082.12278281,COMPLETE
334,334,6861923459212.917,952702.4306101635,1042325.5282395551,3571761.9580206857,4332367.15492657,COMPLETE
335,335,7779893377721.655,864078.8807816925,1031192.90326926,3645306.1509293956,4098065.128412631,COMPLETE
336,336,5025959880580.971,757053.0869169628,953452.470068622,3853326.1249006977,4067693.3659184203,COMPLETE
337,337,4421690098084.773,251690.60284539976,1640450.8882008619,3355897.9885973083,4068683.305051117,COMPLETE
338,338,5347220825883.665,230861.51362177447,1626973.1180493822,3356085.9787870105,3374281.3981446363,COMPLETE
339,339,2465001394882.6157,629457.045351099,2248438.809492075,3886556.5492697037,3364108.0267069074,COMPLETE
340,340,2282229799095.769,606355.6769856832,2245006.820316068,3787887.2827319223,3676024.1837782804,COMPLETE
341,341,2233136783150.914,531736.7714457482,2262599.202951075,3136021.8515399247,3635372.0207264903,COMPLETE
342,342,3102342470557.8096,416057.5653233154,1237002.5822148272,4381751.723465998,3528722.620581695,COMPLETE
343,343,2266072330836.1587,393038.2094520271,1973894.1921236203,4321257.701259758,3396201.1280227583,COMPLETE
344,344,3457989457751.9414,1134125.6841649076,1952941.5887290766,3982971.878494066,4838860.805152489,COMPLETE
345,345,2896648403489.009,1105454.901831204,1898125.8187076957,3046703.78485404,3896861.053062453,COMPLETE
346,346,5221358223467.423,181102.7265999383,1681110.4549497827,3143558.7349213413,3928509.3562382264,COMPLETE
347,347,8495015135823.758,173895.78878623535,3872674.650123775,3248231.6956921923,4248420.7906933185,COMPLETE
348,348,1971864884606.805,675875.2252593227,1293917.9045150997,3506685.7511856626,4292315.232969747,COMPLETE
349,349,2179912594316.6665,697827.0633849003,1356179.583851499,3573238.3980243285,3693272.5091366065,COMPLETE
350,350,1742295809523.8984,561393.7268969519,1542904.1044602327,4683745.815591494,3698393.0399529724,COMPLETE
351,351,1783341736364.9897,476181.5049124955,1602949.2570420702,4601583.342808177,3327278.754310581,COMPLETE
352,352,1811453775529.0242,545612.7520638257,1532428.7606146464,4688663.372603205,3390827.9570820285,COMPLETE
353,353,1909163607241.1265,459952.7219293041,1484657.5520101627,4870778.539343792,3253588.7802049164,COMPLETE
354,354,1880862602544.1267,417450.0769274925,1481494.9133637117,4948700.521344085,3267559.2736493996,COMPLETE
355,355,5367191154550.103,367241.4877943988,1159526.2088681725,4901366.814138689,3254503.9850696595,COMPLETE
356,356,5291628169283.049,281145.05192629073,1181477.7720721734,3376126.2452837476,3949451.805567515,COMPLETE
357,357,3192058226281.9834,213218.00640049228,1749811.0626461364,3355371.3893650044,3994492.2270835945,COMPLETE
358,358,2651973153453.629,808946.6855907515,1252764.6782558747,2966710.173148004,3795442.3928697594,COMPLETE
359,359,2216076648026.595,832574.716653625,1658302.123007387,2896726.089896037,1345026.9771791734,COMPLETE
360,360,1663428460478.9307,520385.16937909013,1674587.5464979836,2596382.455843538,4542551.952923209,COMPLETE
361,361,10813531789932.035,537293.7225638626,7594741.714901704,2608202.333189848,4430465.884783749,COMPLETE
362,362,4831615941510.206,96212.77046119876,1437355.829391108,4050969.114224164,3512151.133197388,COMPLETE
363,363,6415320923573.37,101210.66489205352,2020409.1317921856,1745896.126167886,4587951.740941397,COMPLETE
364,364,10901765936499.76,543838.9929868979,8583847.13742939,2243901.5052368063,4627673.860767951,COMPLETE
365,365,3799253112741.153,729554.8138908758,2028873.4109217664,4528762.598359824,3750308.111791105,COMPLETE
366,366,1936431936665.788,693097.1583847962,1866400.0500551404,4570848.146575848,3108062.371953279,COMPLETE
367,367,5581554961162.718,3582947.0704773217,1825802.3105247614,2477597.5151380887,3533290.502570284,COMPLETE
368,368,1983827277116.151,386399.6371724063,1506686.6500869498,3685235.5059079877,3567876.8881483153,COMPLETE
369,369,1891512873995.0422,401736.7982852686,1445684.8630635499,3728508.2192092673,9657126.813833093,COMPLETE
370,370,2138283669514.9976,970647.6327267395,1653002.275735506,5109663.353105409,4035473.5811984926,COMPLETE
371,371,2439132032461.8877,929467.9091897872,1697618.3417764362,5920197.2583326325,4107188.3747989633,COMPLETE
372,372,2687813730854.472,1192466.5580919306,1317948.3106332268,5084921.372433782,3845250.4034578977,COMPLETE
373,373,2054354592866.8125,586198.6255404949,1359791.6914639764,4181078.05117758,3785870.2586552254,COMPLETE
374,374,1970126933694.5818,581957.9093691265,1268834.6442558914,6306469.949449942,3794421.7674251273,COMPLETE
375,375,4237801603507.433,599008.4558711699,4349664.694151724,4229785.587798363,3696800.249766278,COMPLETE
376,376,5726927839478.359,209937.4456159941,2105040.3506210335,5617070.491959508,4437938.58832158,COMPLETE
377,377,7509694102577.787,181950.0480231659,2080698.5675102205,1960364.0830847016,3469640.4259895557,COMPLETE
378,378,10006425011925.4,5368.965329122497,2101786.1321444744,5592246.602244554,4375394.259065093,COMPLETE
379,379,8993872567032.615,306167.25023285684,6101330.245264027,2711636.2194566727,3465351.400604309,COMPLETE
380,380,3937367991142.0938,47057.2728392171,1874680.7983065573,3916072.569815077,3087271.3792857463,COMPLETE
381,381,3063040818986.33,8032864.954344936,1856448.8566929908,3270296.314666435,4190004.952225299,COMPLETE
382,382,2319908301612.132,818666.2114871646,1832418.304741352,3890123.3534316933,4136688.998595064,COMPLETE
383,383,1924497413377.1672,826997.8462523915,1714307.4553212347,3974179.3800269184,4839538.629607572,COMPLETE
384,384,1734100179924.719,480913.3537075124,1641392.4129449988,4425507.145774171,3007858.9596403204,COMPLETE
385,385,1656995481596.0898,462824.58020253474,1580706.0713677853,3523999.1938389563,3071228.227541051,COMPLETE
386,386,2323791865616.2373,469643.6408894823,922789.5172935189,3552757.6314869695,667056.8740819683,COMPLETE
387,387,6757974749450.445,524774.5411553961,1027233.7853754917,4686880.850330326,3156264.9431091077,COMPLETE
388,388,2872862043062.999,665079.0241662671,981630.9931652009,3474689.5987003967,3090697.2941481564,COMPLETE
389,389,3229258015076.0347,716833.7267217622,884954.3760522897,3527769.977236748,1928936.6732649095,COMPLETE
390,390,3210756333768.9766,8858074.064560305,1493985.6642286563,3446414.8604040416,1822802.8756393099,COMPLETE
391,391,2377113256582.752,994813.2216515254,1548649.4022161786,3203869.995437732,2936086.069652711,COMPLETE
392,392,2760754578168.349,1011791.1402608901,1618795.9591605093,3240004.337679772,3021834.3954449925,COMPLETE
393,393,2520438927903.1245,987708.632820082,1616182.2991722294,3115938.286013486,2909301.9414389418,COMPLETE
394,394,3626926398535.9487,302530.3304776634,1238731.6786091276,3032555.9338643057,3593505.2663238617,COMPLETE
395,395,5833775504263.561,283807.72647761874,1177953.5404658862,2923796.497326742,3551284.072917612,COMPLETE
396,396,1839484804674.6008,333298.73111524904,1381382.2076659238,3694879.706492616,3382297.9202177003,COMPLETE
397,397,2740394074404.3677,270413.5925656492,1431874.0108656222,2788340.8185743806,3384746.5124841724,COMPLETE
398,398,2183396458471.868,720634.0331188934,1407692.9442127645,3652249.5332122575,3344189.6445487672,COMPLETE
399,399,2030721237157.7983,729822.2718167342,1731588.9868282964,5337847.335788444,3956137.9304958098,COMPLETE
400,400,2076942320039.4307,746786.0835587229,1796370.0135276425,2471752.0155095556,4007535.3524355874,COMPLETE
401,401,1776130002976.9324,538011.699001926,1762214.75214895,5254652.169675529,3994297.2490772526,COMPLETE
402,402,1799853787830.6345,528672.0450062751,1733915.946538577,5313875.325437168,3712231.808099035,COMPLETE
403,403,8891976036234.754,13051.126217001758,2360414.6254313756,3331694.018808869,3690296.3166185534,COMPLETE
