,number,value,params_k_1_init,params_k_2_init,params_kt_1_init,params_kt_2_init,state
404,404,3073549562647.469,1263287.6798007018,1987183.5355473114,3381211.005531005,3640028.961339029,COMPLETE
405,405,,1234142.909678466,2398910.8001847314,4370540.002305153,3658550.4265033025,RUNNING
406,406,5603545278574.358,1240190.6508792553,2324588.097364272,3393872.665652272,3635757.3799949167,COMPLETE
407,407,5766742982667.461,192494.9830852422,2406439.9633694775,4438426.635880365,3808465.5304607963,COMPLETE
408,408,,272775.0425098402,2200557.7682967274,4409699.933818969,3234716.5526577365,RUNNING
409,409,,184258.84645120375,1970232.013465981,4324261.281817918,8099546.469687965,RUNNING
410,410,,373306.61004765896,5710016.211176321,2361717.4042421887,3161059.683239864,RUNNING
411,411,,387889.85198630433,1932356.0513926405,2635024.0451624366,2572544.731046764,RUNNING
412,412,5838571231740.423,395621.77431544836,5677758.161126503,369016.8251163475,4210114.417522724,COMPLETE
413,413,7555691907294.376,369307.125413418,5657513.628531277,2667662.11845362,2544178.619907006,COMPLETE
414,414,,391050.95322132594,1967265.6454609265,6063228.148645289,4173691.909935713,RUNNING
415,415,,599695.9070559709,2003168.124480831,4305266.43609104,3148552.5125397197,RUNNING
416,416,,830187.0697057062,1960121.6508876784,6149008.249587423,3175727.1458946206,RUNNING
