,number,value,params_k_1_init,params_k_2_init,params_kt_1_init,state
481,481,1717796331728.475,519580.27286159614,3329476.4774276754,6784984.0009861505,COMPLETE
482,482,2042431514226.205,2046234.9998158892,3371228.776644915,6038037.202523758,COMPLETE
483,483,1285997485440.0679,816977.3087829829,4055386.019322971,6004146.977655371,COMPLETE
484,484,6510280075491.794,87410.8323789934,3631570.741750419,5522112.3023533095,COMPLETE
485,485,7867813306463.786,90722.60724319844,3630166.785255837,5512528.592295148,COMPLETE
486,486,3580377980518.0005,6871678.0182645,2848359.9217579514,6428381.887906728,COMPLETE
487,487,1629126646618.7722,1344442.034000091,2855137.6181908064,6321554.54572661,COMPLETE
488,488,1461271252403.5166,589641.7271865418,3100938.209065663,5834538.0868070545,COMPLETE
489,489,1484562132285.7517,588306.5932118705,3066130.8892114363,5050421.977035007,COMPLETE
490,490,1261373134390.605,582136.1519784816,3116814.820213665,3050739.99274384,COMPLETE
491,491,6178547204124.182,331758.49534433737,3417020.2398572396,6105495.5922245495,COMPLETE
492,492,1332921858981.8123,1062953.3459142377,3337557.7209313978,5846101.541981097,COMPLETE
493,493,1930266745328.6382,1087682.4436658316,6265380.96275419,6073856.905688602,COMPLETE
494,494,1396138651825.096,1143671.1492994395,3470841.1249597673,6463212.783949443,COMPLETE
495,495,2144419312163.852,3729126.2169843544,3842679.1913582482,6403154.968095958,COMPLETE
496,496,1581470988773.6267,820749.8854672792,3753712.544606053,7616486.716609803,COMPLETE
497,497,1516351927864.919,818558.4297715062,3756666.284487807,5167089.956040916,COMPLETE
498,498,1359650433496.1846,792710.5831957723,3814840.2071412876,5149182.361261905,COMPLETE
499,499,2740901346120.713,379350.5849686085,3268190.3995008683,6630926.761153747,COMPLETE
